<?xml version="1.0" encoding="UTF-8"?>
<!-- Generated by org.testng.reporters.JUnitReportReporter -->
<testsuite hostname="BLRL79035" name="BaseTest.Rough" tests="1" failures="0" timestamp="10 Aug 2019 06:55:43 GMT" time="0.009" errors="0">
  <testcase name="fun" time="0.009" classname="BaseTest.Rough"/>
</testsuite> <!-- BaseTest.Rough -->
