<?xml version="1.0" encoding="UTF-8"?>
<!-- Generated by org.testng.reporters.JUnitReportReporter -->
<testsuite skipped="0" hostname="BLRL79035" name="testobjects.DemoTest" tests="2" failures="0" timestamp="11 Aug 2019 07:50:26 GMT" time="6.936" errors="0">
  <testcase name="fun2" time="2.722" classname="testobjects.DemoTest"/>
  <testcase name="fun1" time="4.214" classname="testobjects.DemoTest"/>
</testsuite> <!-- testobjects.DemoTest -->
