<?xml version="1.0" encoding="UTF-8"?>
<!-- Generated by org.testng.reporters.JUnitReportReporter -->
<testsuite skipped="0" hostname="BLRL79035" name="BaseTest.DemoTest" tests="1" failures="0" timestamp="10 Aug 2019 18:47:42 GMT" time="1.340" errors="0">
  <testcase name="fun" time="1.340" classname="BaseTest.DemoTest"/>
</testsuite> <!-- BaseTest.DemoTest -->
